app/build/outputs/logs/manifest-merger-debug-report.txt
-- Merging decision tree log ---
manifest
ADDED from src\main\AndroidManifest.xml:2:1-39:12
	package
		ADDED from src\main\AndroidManifest.xml:3:5-46
		INJECTED from src\main\AndroidManifest.xml
		INJECTED from src\main\AndroidManifest.xml
	android:versionName
		INJECTED from src\main\AndroidManifest.xml
		INJECTED from src\main\AndroidManifest.xml
	xmlns:android
		ADDED from src\main\AndroidManifest.xml:2:11-69
	android:versionCode
		INJECTED from src\main\AndroidManifest.xml
		INJECTED from src\main\AndroidManifest.xml
uses-permission#android.permission.INTERNET
ADDED from src\main\AndroidManifest.xml:5:5-67
	android:name
		ADDED from src\main\AndroidManifest.xml:5:22-64
application
ADDED from src\main\AndroidManifest.xml:7:5-37:19
MERGED from [com.android.volley:volley:1.0.0] AndroidManifest.xml:9:5-20
MERGED from [com.android.support:design:25.3.1] AndroidManifest.xml:29:5-20
MERGED from [com.android.support:appcompat-v7:25.3.1] AndroidManifest.xml:29:5-20
MERGED from [com.android.support:animated-vector-drawable:25.3.1] AndroidManifest.xml:26:5-20
MERGED from [com.android.support:support-vector-drawable:25.3.1] AndroidManifest.xml:26:5-20
MERGED from [com.android.support:transition:25.3.1] AndroidManifest.xml:26:5-20
MERGED from [com.android.support:support-v4:25.3.1] AndroidManifest.xml:29:5-20
MERGED from [com.android.support:support-fragment:25.3.1] AndroidManifest.xml:29:5-20
MERGED from [com.android.support:support-media-compat:25.3.1] AndroidManifest.xml:29:5-20
MERGED from [com.android.support:support-core-utils:25.3.1] AndroidManifest.xml:29:5-20
MERGED from [com.android.support.constraint:constraint-layout:1.0.2] AndroidManifest.xml:9:5-20
MERGED from [com.android.support:support-core-ui:25.3.1] AndroidManifest.xml:29:5-20
MERGED from [com.android.support:support-compat:25.3.1] AndroidManifest.xml:29:5-20
	android:label
		ADDED from src\main\AndroidManifest.xml:10:9-41
	android:supportsRtl
		ADDED from src\main\AndroidManifest.xml:12:9-35
	android:roundIcon
		ADDED from src\main\AndroidManifest.xml:11:9-54
	android:allowBackup
		ADDED from src\main\AndroidManifest.xml:8:9-35
	android:icon
		ADDED from src\main\AndroidManifest.xml:9:9-39
	android:theme
		ADDED from src\main\AndroidManifest.xml:13:9-40
activity#com.linegrillpresent.studybuddy.LoginActivity
ADDED from src\main\AndroidManifest.xml:14:9-20:20
	android:name
		ADDED from src\main\AndroidManifest.xml:14:19-48
intent-filter#android.intent.action.MAIN+android.intent.category.LAUNCHER
ADDED from src\main\AndroidManifest.xml:15:13-19:29
action#android.intent.action.MAIN
ADDED from src\main\AndroidManifest.xml:16:17-69
	android:name
		ADDED from src\main\AndroidManifest.xml:16:25-66
category#android.intent.category.LAUNCHER
ADDED from src\main\AndroidManifest.xml:18:17-77
	android:name
		ADDED from src\main\AndroidManifest.xml:18:27-74
activity#com.linegrillpresent.studybuddy.RegisterActivity
ADDED from src\main\AndroidManifest.xml:21:9-54
	android:name
		ADDED from src\main\AndroidManifest.xml:21:19-51
activity#com.linegrillpresent.studybuddy.RegisterNewGroup
ADDED from src\main\AndroidManifest.xml:22:9-54
	android:name
		ADDED from src\main\AndroidManifest.xml:22:19-51
activity#com.linegrillpresent.studybuddy.RegisterNewCourse
ADDED from src\main\AndroidManifest.xml:23:9-55
	android:name
		ADDED from src\main\AndroidManifest.xml:23:19-52
activity#com.linegrillpresent.studybuddy.ShowGroupInfoActivity
ADDED from src\main\AndroidManifest.xml:24:9-26:14
	android:name
		ADDED from src\main\AndroidManifest.xml:25:13-50
activity#com.linegrillpresent.studybuddy.WaitActivity
ADDED from src\main\AndroidManifest.xml:27:9-50
	android:name
		ADDED from src\main\AndroidManifest.xml:27:19-47
activity#com.linegrillpresent.studybuddy.ShowClassInfoActivity
ADDED from src\main\AndroidManifest.xml:28:9-59
	android:name
		ADDED from src\main\AndroidManifest.xml:28:19-56
activity#com.linegrillpresent.studybuddy.MycourseActivity
ADDED from src\main\AndroidManifest.xml:29:9-54
	android:name
		ADDED from src\main\AndroidManifest.xml:29:19-51
activity#com.linegrillpresent.studybuddy.MygroupActivity
ADDED from src\main\AndroidManifest.xml:30:9-53
	android:name
		ADDED from src\main\AndroidManifest.xml:30:19-50
activity#com.linegrillpresent.studybuddy.MyprofileActivity
ADDED from src\main\AndroidManifest.xml:31:9-55
	android:name
		ADDED from src\main\AndroidManifest.xml:31:19-52
activity#com.linegrillpresent.studybuddy.WelcomePage
ADDED from src\main\AndroidManifest.xml:32:9-49
	android:name
		ADDED from src\main\AndroidManifest.xml:32:19-46
activity#com.linegrillpresent.studybuddy.BookingActivity
ADDED from src\main\AndroidManifest.xml:33:9-36:68
	android:label
		ADDED from src\main\AndroidManifest.xml:35:13-59
	android:theme
		ADDED from src\main\AndroidManifest.xml:36:13-56
	android:name
		ADDED from src\main\AndroidManifest.xml:34:13-44
uses-sdk
INJECTED from src\main\AndroidManifest.xml reason: use-sdk injection requested
MERGED from [com.android.volley:volley:1.0.0] AndroidManifest.xml:7:5-43
MERGED from [com.android.support:design:25.3.1] AndroidManifest.xml:21:5-23:62
MERGED from [com.android.support:appcompat-v7:25.3.1] AndroidManifest.xml:21:5-23:78
MERGED from [com.android.support:animated-vector-drawable:25.3.1] AndroidManifest.xml:20:5-44
MERGED from [com.android.support:support-vector-drawable:25.3.1] AndroidManifest.xml:20:5-43
MERGED from [com.android.support:transition:25.3.1] AndroidManifest.xml:20:5-44
MERGED from [com.android.support:support-v4:25.3.1] AndroidManifest.xml:21:5-23:54
MERGED from [com.android.support:support-fragment:25.3.1] AndroidManifest.xml:21:5-23:60
MERGED from [com.android.support:support-media-compat:25.3.1] AndroidManifest.xml:21:5-23:63
MERGED from [com.android.support:support-core-utils:25.3.1] AndroidManifest.xml:21:5-23:61
MERGED from [com.android.support.constraint:constraint-layout:1.0.2] AndroidManifest.xml:5:5-7:41
MERGED from [com.android.support:recyclerview-v7:25.3.1] AndroidManifest.xml:20:5-43
MERGED from [com.android.support:support-core-ui:25.3.1] AndroidManifest.xml:21:5-23:58
MERGED from [com.android.support:support-compat:25.3.1] AndroidManifest.xml:21:5-23:58
MERGED from [pl.droidsonroids.gif:android-gif-drawable:1.2.3] AndroidManifest.xml:7:5-9:41
	tools:overrideLibrary
		ADDED from [com.android.support:design:25.3.1] AndroidManifest.xml:23:9-59
	android:targetSdkVersion
		INJECTED from src\main\AndroidManifest.xml
		INJECTED from src\main\AndroidManifest.xml
	android:minSdkVersion
		INJECTED from src\main\AndroidManifest.xml
		INJECTED from src\main\AndroidManifest.xml
meta-data#android.support.VERSION
ADDED from [com.android.support:design:25.3.1] AndroidManifest.xml:25:5-27:34
MERGED from [com.android.support:appcompat-v7:25.3.1] AndroidManifest.xml:25:5-27:34
MERGED from [com.android.support:animated-vector-drawable:25.3.1] AndroidManifest.xml:22:5-24:34
MERGED from [com.android.support:support-vector-drawable:25.3.1] AndroidManifest.xml:22:5-24:34
MERGED from [com.android.support:transition:25.3.1] AndroidManifest.xml:22:5-24:34
MERGED from [com.android.support:support-v4:25.3.1] AndroidManifest.xml:25:5-27:34
MERGED from [com.android.support:support-fragment:25.3.1] AndroidManifest.xml:25:5-27:34
MERGED from [com.android.support:support-media-compat:25.3.1] AndroidManifest.xml:25:5-27:34
MERGED from [com.android.support:support-core-utils:25.3.1] AndroidManifest.xml:25:5-27:34
MERGED from [com.android.support:recyclerview-v7:25.3.1] AndroidManifest.xml:22:5-24:34
MERGED from [com.android.support:support-core-ui:25.3.1] AndroidManifest.xml:25:5-27:34
MERGED from [com.android.support:support-compat:25.3.1] AndroidManifest.xml:25:5-27:34
	android:value
		ADDED from [com.android.support:design:25.3.1] AndroidManifest.xml:27:9-31
	android:name
		ADDED from [com.android.support:design:25.3.1] AndroidManifest.xml:26:9-47